<?xml version="1.0" encoding="UTF-8"?>
<robot generator="Robot 7.0 (Python 3.11.4 on win32)" generated="2024-04-16T22:08:42.298421" rpa="false" schemaversion="5">
<suite id="s1" name="Check Login" source="C:\Users\Admin\PycharmProjects\pythonProject\Testpractice\Testsuites\check_login.robot">
<test id="s1-t1" name="checkcondition" line="9">
<kw name="login">
<kw name="Open Browser" owner="SeleniumLibrary">
<msg time="2024-04-16T22:08:42.545291" level="INFO">Opening browser 'chrome' to base url 'https://demo.nopcommerce.com/'.</msg>
<arg>${url}</arg>
<arg>${baseurl}</arg>
<doc>Opens a new browser instance to the optional ``url``.</doc>
<status status="PASS" start="2024-04-16T22:08:42.545291" elapsed="7.780602"/>
</kw>
<kw name="Maximize Browser Window" owner="SeleniumLibrary">
<doc>Maximizes current browser window.</doc>
<status status="PASS" start="2024-04-16T22:08:50.328077" elapsed="0.141140"/>
</kw>
<kw name="Set Selenium Speed" owner="SeleniumLibrary">
<arg>2</arg>
<doc>Sets the delay that is waited after each Selenium command.</doc>
<status status="PASS" start="2024-04-16T22:08:50.469217" elapsed="0.001568"/>
</kw>
<kw name="Click Element" owner="SeleniumLibrary">
<msg time="2024-04-16T22:08:50.475825" level="INFO">Clicking element 'class:ico-login'.</msg>
<arg>class:ico-login</arg>
<doc>Click the element identified by ``locator``.</doc>
<status status="PASS" start="2024-04-16T22:08:50.471808" elapsed="6.649832"/>
</kw>
<kw name="Input Text" owner="SeleniumLibrary">
<msg time="2024-04-16T22:08:57.121640" level="INFO">Typing text 'rakesh1234@gmail.com' into text field 'ID:Email'.</msg>
<arg>ID:Email</arg>
<arg>rakesh1234@gmail.com</arg>
<doc>Types the given ``text`` into the text field identified by ``locator``.</doc>
<status status="PASS" start="2024-04-16T22:08:57.121640" elapsed="6.529269"/>
</kw>
<kw name="Input Text" owner="SeleniumLibrary">
<msg time="2024-04-16T22:09:03.650909" level="INFO">Typing text 'ramesh123' into text field 'ID:Password'.</msg>
<arg>ID:Password</arg>
<arg>ramesh123</arg>
<doc>Types the given ``text`` into the text field identified by ``locator``.</doc>
<status status="PASS" start="2024-04-16T22:09:03.650909" elapsed="6.395798"/>
</kw>
<kw name="Click Button" owner="SeleniumLibrary">
<msg time="2024-04-16T22:09:10.046707" level="INFO">Clicking button 'xpath://button[@class='button-1 login-button']'.</msg>
<arg>xpath://button[@class='button-1 login-button']</arg>
<doc>Clicks the button identified by ``locator``.</doc>
<status status="PASS" start="2024-04-16T22:09:10.046707" elapsed="11.036711"/>
</kw>
<status status="PASS" start="2024-04-16T22:08:42.538850" elapsed="38.544568"/>
</kw>
<kw name="Get Title" owner="SeleniumLibrary">
<msg time="2024-04-16T22:09:23.133933" level="INFO">${title} = nopCommerce demo store. Login</msg>
<var>${title}</var>
<doc>Returns the title of the current page.</doc>
<status status="PASS" start="2024-04-16T22:09:21.085001" elapsed="2.048932"/>
</kw>
<kw name="Log To Console" owner="BuiltIn">
<arg>${title}</arg>
<doc>Logs the given message to the console.</doc>
<status status="PASS" start="2024-04-16T22:09:23.133933" elapsed="0.004054"/>
</kw>
<kw name="Run Keyword If" owner="BuiltIn">
<kw name="regesterandlogin" owner="regesterandlogin">
<kw name="Click Element" owner="SeleniumLibrary">
<msg time="2024-04-16T22:09:23.137987" level="INFO">Clicking element 'xpath://a[@href='/register?returnUrl=%2F']'.</msg>
<arg>xpath://a[@href='/register?returnUrl=%2F']</arg>
<doc>Click the element identified by ``locator``.</doc>
<status status="PASS" start="2024-04-16T22:09:23.137987" elapsed="5.017794"/>
</kw>
<kw name="Input Text" owner="SeleniumLibrary">
<msg time="2024-04-16T22:09:28.155781" level="INFO">Typing text 'rakesh' into text field 'id:FirstName'.</msg>
<arg>id:FirstName</arg>
<arg>rakesh</arg>
<doc>Types the given ``text`` into the text field identified by ``locator``.</doc>
<status status="PASS" start="2024-04-16T22:09:28.155781" elapsed="6.492267"/>
</kw>
<kw name="Input Text" owner="SeleniumLibrary">
<msg time="2024-04-16T22:09:34.648048" level="INFO">Typing text 'c' into text field 'id:LastName'.</msg>
<arg>id:LastName</arg>
<arg>c</arg>
<doc>Types the given ``text`` into the text field identified by ``locator``.</doc>
<status status="PASS" start="2024-04-16T22:09:34.648048" elapsed="6.346310"/>
</kw>
<kw name="Input Text" owner="SeleniumLibrary">
<msg time="2024-04-16T22:09:40.995972" level="INFO">Typing text 'rakesh1234@gmail.com' into text field 'name:Email'.</msg>
<arg>name:Email</arg>
<arg>rakesh1234@gmail.com</arg>
<doc>Types the given ``text`` into the text field identified by ``locator``.</doc>
<status status="PASS" start="2024-04-16T22:09:40.994358" elapsed="6.333817"/>
</kw>
<kw name="Input Text" owner="SeleniumLibrary">
<msg time="2024-04-16T22:09:47.328175" level="INFO">Typing text 'ramesh123@' into text field 'name:Password'.</msg>
<arg>name:Password</arg>
<arg>ramesh123@</arg>
<doc>Types the given ``text`` into the text field identified by ``locator``.</doc>
<status status="PASS" start="2024-04-16T22:09:47.328175" elapsed="6.462568"/>
</kw>
<kw name="Input Text" owner="SeleniumLibrary">
<msg time="2024-04-16T22:09:53.790743" level="INFO">Typing text 'ramesh123@' into text field 'name:ConfirmPassword'.</msg>
<arg>name:ConfirmPassword</arg>
<arg>ramesh123@</arg>
<doc>Types the given ``text`` into the text field identified by ``locator``.</doc>
<status status="PASS" start="2024-04-16T22:09:53.790743" elapsed="6.394954"/>
</kw>
<kw name="Click Element" owner="SeleniumLibrary">
<msg time="2024-04-16T22:10:00.185697" level="INFO">Clicking element 'id:register-button'.</msg>
<arg>id:register-button</arg>
<doc>Click the element identified by ``locator``.</doc>
<status status="PASS" start="2024-04-16T22:10:00.185697" elapsed="5.552551"/>
</kw>
<kw name="Click Element" owner="SeleniumLibrary">
<msg time="2024-04-16T22:10:05.738248" level="INFO">Clicking element 'class:ico-login'.</msg>
<msg time="2024-04-16T22:10:10.099089" level="INFO" html="true">&lt;/td&gt;&lt;/tr&gt;&lt;tr&gt;&lt;td colspan="3"&gt;&lt;a href="selenium-screenshot-30.png"&gt;&lt;img src="selenium-screenshot-30.png" width="800px"&gt;&lt;/a&gt;</msg>
<msg time="2024-04-16T22:10:10.099089" level="FAIL">Element with locator 'class:ico-login' not found.</msg>
<arg>class:ico-login</arg>
<doc>Click the element identified by ``locator``.</doc>
<status status="FAIL" start="2024-04-16T22:10:05.738248" elapsed="4.373108">Element with locator 'class:ico-login' not found.</status>
</kw>
<kw name="Input Text" owner="SeleniumLibrary">
<arg>ID:Email</arg>
<arg>rakesh1234@gmail.com</arg>
<doc>Types the given ``text`` into the text field identified by ``locator``.</doc>
<status status="NOT RUN" start="2024-04-16T22:10:10.112368" elapsed="0.000000"/>
</kw>
<kw name="Input Text" owner="SeleniumLibrary">
<arg>ID:Password</arg>
<arg>ramesh123@</arg>
<doc>Types the given ``text`` into the text field identified by ``locator``.</doc>
<status status="NOT RUN" start="2024-04-16T22:10:10.112368" elapsed="0.000000"/>
</kw>
<kw name="Click Button" owner="SeleniumLibrary">
<arg>xpath://button[@class='button-1 login-button']</arg>
<doc>Clicks the button identified by ``locator``.</doc>
<status status="NOT RUN" start="2024-04-16T22:10:10.112368" elapsed="0.000000"/>
</kw>
<status status="FAIL" start="2024-04-16T22:09:23.137987" elapsed="46.976287">Element with locator 'class:ico-login' not found.</status>
</kw>
<arg>"${title}!= nopCommerce demo store"</arg>
<arg>regesterandlogin</arg>
<doc>Runs the given keyword with the given arguments, if ``condition`` is true.</doc>
<status status="FAIL" start="2024-04-16T22:09:23.137987" elapsed="46.976287">Element with locator 'class:ico-login' not found.</status>
</kw>
<status status="FAIL" start="2024-04-16T22:08:42.538850" elapsed="87.576764">Element with locator 'class:ico-login' not found.</status>
</test>
<status status="FAIL" start="2024-04-16T22:08:42.298421" elapsed="87.817746"/>
</suite>
<statistics>
<total>
<stat pass="0" fail="1" skip="0">All Tests</stat>
</total>
<tag>
</tag>
<suite>
<stat pass="0" fail="1" skip="0" id="s1" name="Check Login">Check Login</stat>
</suite>
</statistics>
<errors>
<msg time="2024-04-16T22:08:42.514833" level="ERROR">Error in file 'C:\Users\Admin\PycharmProjects\pythonProject\Testpractice\Resources\regesterandlogin.robot' on line 2: Importing library 'Seleniumlibrary' failed: ModuleNotFoundError: No module named 'Seleniumlibrary'
Traceback (most recent call last):
  None
PYTHONPATH:
  C:\Users\Admin\PycharmProjects\pythonProject\Testpractice\venv\Scripts\robot.exe
  C:\Users\Admin\AppData\Local\Programs\Python\Python311\python311.zip
  C:\Users\Admin\AppData\Local\Programs\Python\Python311\DLLs
  C:\Users\Admin\AppData\Local\Programs\Python\Python311\Lib
  C:\Users\Admin\AppData\Local\Programs\Python\Python311
  C:\Users\Admin\PycharmProjects\pythonProject\Testpractice\venv
  C:\Users\Admin\PycharmProjects\pythonProject\Testpractice\venv\Lib\site-packages</msg>
</errors>
</robot>
